{
  "uid" : "58047b4e3486334d",
  "name" : "TestSimpleAndroid.test_01_textView",
  "title" : "Test 01 text view",
  "time" : {
    "start" : 1526208625299,
    "stop" : 1526208657192,
    "duration" : 31893
  },
  "summary" : {
    "attachments" : 2,
    "steps" : 4
  },
  "failure" : {
    "message" : "AssertionError: Cannot find ('id', 'com.example.android.apis:id/btn_add_tab') element",
    "stackTrace" : "Common/appiumCommonBase.py:37: in locateElement\n    element = WebDriverWait(self.driver, 10).until(EC.visibility_of_element_located(loc))\n/Library/Frameworks/Python.framework/Versions/3.5/lib/python3.5/site-packages/selenium/webdriver/support/wait.py:80: in until\n    raise TimeoutException(message, screen, stacktrace)\nE   selenium.common.exceptions.TimeoutException: Message:\n\nDuring handling of the above exception, another exception occurred:\nAPI_Demos.py:109: in test_01_textView\n    addNewTabButton = actionBarTab.locateElement(actionBarTab.AddNewTab, driver, request)\nCommon/appiumCommonBase.py:45: in locateElement\n    assert 0, \"Cannot find {0} element\".format(loc)\nE   AssertionError: Cannot find ('id', 'com.example.android.apis:id/btn_add_tab') element"
  },
  "description" : null,
  "severity" : "NORMAL",
  "status" : "FAILED",
  "testId" : {
    "name" : "Text on text view",
    "url" : "Text on text view"
  },
  "suite" : {
    "uid" : "47320e517efe9725",
    "name" : "API_Demos",
    "title" : "API demos"
  },
  "steps" : [ {
    "name" : "Click App",
    "title" : "Click App",
    "time" : {
      "start" : 1526208643360,
      "stop" : 1526208643753,
      "duration" : 393
    },
    "summary" : {
      "attachments" : 0,
      "steps" : 0
    },
    "status" : "PASSED",
    "attachments" : [ ],
    "steps" : [ ]
  }, {
    "name" : "Click Action",
    "title" : "Click Action",
    "time" : {
      "start" : 1526208643753,
      "stop" : 1526208644891,
      "duration" : 1138
    },
    "summary" : {
      "attachments" : 0,
      "steps" : 0
    },
    "status" : "PASSED",
    "attachments" : [ ],
    "steps" : [ ]
  }, {
    "name" : "Click Action Bar Tab",
    "title" : "Click Action Bar Tab",
    "time" : {
      "start" : 1526208644891,
      "stop" : 1526208645797,
      "duration" : 906
    },
    "summary" : {
      "attachments" : 0,
      "steps" : 0
    },
    "status" : "PASSED",
    "attachments" : [ ],
    "steps" : [ ]
  }, {
    "name" : "Click Add New Tab 3 times",
    "title" : "Click Add New Tab 3 times",
    "time" : {
      "start" : 1526208645797,
      "stop" : 1526208657139,
      "duration" : 11342
    },
    "summary" : {
      "attachments" : 1,
      "steps" : 0
    },
    "status" : "FAILED",
    "attachments" : [ {
      "title" : "Cannot find ('id', 'com.example.android.apis:id/btn_add_tab') element",
      "source" : "b34ff260-aecd-47d6-ba66-0d8862a616ef-attachment.png",
      "type" : "image/png",
      "size" : 80400,
      "uid" : "5292af9092bee3b8"
    } ],
    "steps" : [ ]
  } ],
  "attachments" : [ {
    "title" : "Test completed screenshot",
    "source" : "183c463b-c52c-4b93-ae06-12a5fe8c69b9-attachment.png",
    "type" : "image/png",
    "size" : 80400,
    "uid" : "6cb5608b43b5e54c"
  } ],
  "issues" : [ ],
  "labels" : [ {
    "name" : "testId",
    "value" : "Text on text view"
  }, {
    "name" : "thread",
    "value" : "16602-MainThread"
  }, {
    "name" : "host",
    "value" : "Dag-MacBook-Pro"
  }, {
    "name" : "suite-name",
    "value" : "API_Demos"
  }, {
    "name" : "feature",
    "value" : "188Asia app QAT Sanity Test Suite"
  }, {
    "name" : "framework",
    "value" : "pytest"
  }, {
    "name" : "suite-title",
    "value" : null
  }, {
    "name" : "severity",
    "value" : "normal"
  }, {
    "name" : "language",
    "value" : "cpython3"
  } ],
  "parameters" : [ ]
}